2024-03-05 17:15:39 INFO Hello
2024-03-06 15:00:12 INFO Before removal
2024-03-06 15:00:12 INFO After removal
2024-03-06 15:01:49 INFO Before removal
2024-03-06 15:01:49 INFO Alice
2024-03-06 15:01:49 INFO John
2024-03-06 15:01:49 INFO Alex
2024-03-06 15:01:49 INFO After removal
2024-03-06 15:01:49 INFO Alice
2024-03-06 15:01:49 INFO John
2024-03-06 15:02:35 INFO Before removal
2024-03-06 15:02:35 INFO Alice
2024-03-06 15:02:35 INFO John
2024-03-06 15:02:35 INFO Alex
2024-03-06 15:02:35 INFO After removal
2024-03-06 15:02:35 INFO Alice
2024-03-06 15:02:35 INFO John
2024-03-06 15:02:35 INFO Size is 2
2024-03-06 15:03:37 INFO Before removal
2024-03-06 15:03:37 INFO Alice
2024-03-06 15:03:37 INFO John
2024-03-06 15:03:37 INFO Alex
2024-03-06 15:03:37 INFO After removal
2024-03-06 15:03:37 INFO Alice
2024-03-06 15:03:37 INFO John
2024-03-06 15:03:37 INFO Size is 2
2024-03-06 15:03:37 INFO false
2024-03-06 15:07:44 INFO Before removal
2024-03-06 15:07:44 INFO Alice
2024-03-06 15:07:44 INFO John
2024-03-06 15:07:44 INFO Alex
2024-03-06 15:07:44 INFO After removal
2024-03-06 15:07:44 INFO Alice
2024-03-06 15:07:44 INFO John
2024-03-06 15:07:44 INFO 2
2024-03-06 15:07:44 INFO false
2024-03-06 15:12:29 INFO Before removal
2024-03-06 15:12:29 INFO Alice
2024-03-06 15:12:29 INFO John
2024-03-06 15:12:29 INFO Alex
2024-03-06 15:12:29 INFO After removal
2024-03-06 15:12:29 INFO Alice
2024-03-06 15:12:29 INFO John
2024-03-06 15:12:29 INFO 2
2024-03-06 15:12:29 INFO false
2024-03-06 15:13:00 INFO Before removal
2024-03-06 15:13:00 INFO Alice
2024-03-06 15:13:00 INFO John
2024-03-06 15:13:00 INFO Alex
2024-03-06 15:13:00 INFO After removal
2024-03-06 15:13:00 INFO Alice
2024-03-06 15:13:00 INFO John
2024-03-06 15:13:00 INFO 2
2024-03-06 15:13:00 INFO false
2024-03-06 15:14:38 INFO Before removal
2024-03-06 15:14:38 INFO John
2024-03-06 15:14:38 INFO Alice
2024-03-06 15:14:38 INFO Alex
2024-03-06 15:14:38 INFO After removal
2024-03-06 15:14:38 INFO John
2024-03-06 15:14:38 INFO Alice
2024-03-06 15:14:38 INFO 2
2024-03-06 15:14:38 INFO false
2024-03-06 15:14:44 INFO Before removal
2024-03-06 15:14:44 INFO Alice
2024-03-06 15:14:44 INFO John
2024-03-06 15:14:44 INFO Alex
2024-03-06 15:14:44 INFO After removal
2024-03-06 15:14:44 INFO Alice
2024-03-06 15:14:44 INFO John
2024-03-06 15:14:44 INFO 2
2024-03-06 15:14:44 INFO false
2024-03-06 15:15:06 INFO Before removal
2024-03-06 15:15:06 INFO Alex
2024-03-06 15:15:06 INFO Alice
2024-03-06 15:15:06 INFO John
2024-03-06 15:15:06 INFO After removal
2024-03-06 15:15:06 INFO Alice
2024-03-06 15:15:06 INFO John
2024-03-06 15:15:06 INFO 2
2024-03-06 15:15:06 INFO false
2024-03-06 16:25:54 INFO Before removal
2024-03-06 16:25:54 INFO Alice
2024-03-06 16:25:54 INFO John
2024-03-06 16:25:54 INFO Alex
2024-03-06 16:25:54 INFO After removal
2024-03-06 16:25:54 INFO Alice
2024-03-06 16:25:54 INFO John
2024-03-06 16:25:54 INFO 2
2024-03-06 16:25:54 INFO false
2024-03-06 16:53:06 INFO Before removal
2024-03-06 16:53:06 INFO Alice
2024-03-06 16:53:06 INFO John
2024-03-06 16:53:06 INFO Alex
2024-03-06 16:53:06 INFO After removal
2024-03-06 16:53:06 INFO Alice
2024-03-06 16:53:06 INFO John
2024-03-06 16:53:06 INFO 2
2024-03-06 16:53:06 INFO false
2024-03-06 17:01:53 INFO Before removal
2024-03-06 17:01:53 INFO Alex
2024-03-06 17:01:53 INFO Alice
2024-03-06 17:01:53 INFO John
2024-03-06 17:01:53 INFO After removal
2024-03-06 17:01:53 INFO Alice
2024-03-06 17:01:53 INFO John
2024-03-06 17:01:53 INFO 2
2024-03-06 17:01:53 INFO false
2024-03-06 17:01:53 INFO after applying comperator
2024-03-06 17:01:53 INFO Alice
2024-03-06 17:01:53 INFO John
2024-03-06 17:02:58 INFO Before removal
2024-03-06 17:02:58 INFO John
2024-03-06 17:02:58 INFO Alice
2024-03-06 17:02:58 INFO Alex
2024-03-06 17:02:58 INFO After removal
2024-03-06 17:02:58 INFO John
2024-03-06 17:02:58 INFO Alice
2024-03-06 17:02:58 INFO 2
2024-03-06 17:02:58 INFO false
2024-03-06 17:02:58 INFO after applying Comparator
2024-03-06 17:02:58 INFO John
2024-03-06 17:02:58 INFO Alice
2024-03-06 17:05:19 INFO after applying reverse Comparator
2024-03-06 17:05:19 INFO John
2024-03-06 17:05:19 INFO Alice
2024-03-06 17:05:19 INFO Alex
2024-03-06 17:18:01 INFO Printing using for loop:
2024-03-06 17:18:01 INFO twelvethdayassignment.Employee@a307a8c
2024-03-06 17:18:01 INFO twelvethdayassignment.Employee@6e01f9b0
2024-03-06 17:18:01 INFO 
Printing using for-each loop:
2024-03-06 17:18:01 INFO Alice
2024-03-06 17:18:01 INFO John
2024-03-06 17:18:01 INFO 
Printing backward using ListIterator interface:
2024-03-06 17:18:01 INFO John
2024-03-06 17:18:01 INFO Alice
2024-03-06 17:18:01 INFO Alice
2024-03-06 17:18:01 INFO John
2024-03-06 17:20:46 INFO John
2024-03-06 17:20:46 INFO Alice
2024-03-06 17:32:28 INFO one
2024-03-06 17:32:28 INFO two
2024-03-06 17:32:28 INFO three
2024-03-06 17:38:27 INFO customer id is: 101 and customer name is: John
2024-03-06 17:38:27 INFO customer id is: 102 and customer name is: Alex
2024-03-06 17:38:27 INFO customer id is: 103 and customer name is: Olivia
2024-03-06 17:38:27 INFO customer id is: 101 and customer name is: John
2024-03-06 17:38:27 INFO customer id is: 103 and customer name is: Olivia
2024-03-06 17:38:27 INFO customer id is: 101 and customer name is: John
2024-03-06 17:38:27 INFO customer id is: 103 and customer name is: Olivia
2024-03-07 12:29:03 INFO No loan found for this customer
2024-03-07 12:29:23 INFO Loan removed.
2024-03-07 12:55:33 INFO 1000.0
2024-03-07 12:55:33 INFO 5000.0
2024-03-07 12:55:49 INFO 1000.0
2024-03-07 12:55:49 INFO 5000.0
2024-03-07 12:55:49 INFO 10000.0
2024-03-07 12:56:16 INFO 1000.0
2024-03-07 12:56:16 INFO 5000.0
2024-03-07 12:56:16 INFO 10000.0
2024-03-07 13:01:50 INFO 1000.0
2024-03-07 13:01:50 INFO 5000.0
2024-03-07 13:01:50 INFO 1000.0
2024-03-07 13:01:50 INFO 5000.0
2024-03-07 13:01:50 INFO 10000.0
2024-03-07 13:02:16 INFO 2001-07-30
2024-03-07 13:02:16 INFO 2000-11-16
2024-03-07 13:02:16 INFO 2001-07-30
2024-03-07 13:02:16 INFO 2000-11-16
2024-03-07 13:02:16 INFO 2000-11-13
2024-03-07 13:03:25 INFO 2001-07-30
2024-03-07 13:03:25 INFO 2000-11-16
2024-03-07 13:03:25 INFO 2007-11-13
2024-03-07 13:03:25 INFO 2001-07-30
2024-03-07 13:03:25 INFO 2000-11-16
2024-03-07 14:06:50 INFO 1
2024-03-07 14:07:16 INFO 3
2024-03-07 14:07:16 INFO 2
2024-03-07 14:15:44 INFO Loan id is: %d
2024-03-07 14:15:44 INFO Loan id is: %d
2024-03-07 14:15:44 INFO Loan id is: %d
2024-03-07 14:15:44 INFO Loan id is: %d
2024-03-07 14:15:44 INFO Loan id is: %d
2024-03-07 14:16:04 INFO Loan id is: 
2024-03-07 14:16:04 INFO Loan id is: 
2024-03-07 14:16:04 INFO Loan id is: 
2024-03-07 14:16:04 INFO Loan id is: 
2024-03-07 14:16:04 INFO Loan id is: 
2024-03-07 14:16:18 INFO Loan id is: 1
2024-03-07 14:16:18 INFO Loan id is: 3
2024-03-07 14:16:18 INFO Loan id is: 2
2024-03-07 14:16:18 INFO Loan id is: 1
2024-03-07 14:16:18 INFO Loan id is: 2
2024-03-07 14:17:44 INFO Loan id is: %d
2024-03-07 14:17:44 INFO Loan id is: %d
2024-03-07 14:17:44 INFO Loan id is: %d
2024-03-07 14:17:44 INFO Loan id is: %d
2024-03-07 14:17:44 INFO Loan id is: %d
2024-03-07 14:18:46 INFO Loan id is: %d1
2024-03-07 14:18:46 INFO Loan id is: %d3
2024-03-07 14:18:46 INFO Loan id is: %d2
2024-03-07 14:18:46 INFO Loan id is: %d1
2024-03-07 14:18:46 INFO Loan id is: %d2
2024-03-07 14:19:23 INFO Loan id is: %d 
2024-03-07 14:19:23 INFO Loan id is: %d 
2024-03-07 14:19:23 INFO Loan id is: %d 
2024-03-07 14:19:23 INFO Loan id is: %d 
2024-03-07 14:19:23 INFO Loan id is: %d 
2024-03-07 14:19:56 INFO Loan id is: 1
2024-03-07 14:19:56 INFO Loan id is: 3
2024-03-07 14:19:56 INFO Loan id is: 2
2024-03-07 14:19:56 INFO Loan id is: 1
2024-03-07 14:19:56 INFO Loan id is: 2
2024-03-07 15:18:39 INFO 1
2024-03-07 15:18:39 INFO 2
2024-03-07 15:18:39 INFO 3
2024-03-07 15:18:39 INFO 4
2024-03-07 15:18:39 INFO 5
2024-03-07 15:18:39 INFO 6
2024-03-07 15:18:39 INFO 7
2024-03-07 15:18:39 INFO 8
2024-03-07 15:18:39 INFO 9
2024-03-07 15:18:39 INFO 10
2024-03-07 15:27:41 INFO 55
2024-03-07 16:27:44 INFO 64.0
2024-03-07 16:27:44 INFO 125.0
2024-03-07 16:27:44 INFO 216.0
2024-03-07 16:27:44 INFO 343.0
2024-03-07 16:27:44 INFO 512.0
2024-03-07 16:27:44 INFO 729.0
2024-03-07 16:27:44 INFO 1000.0
2024-03-07 16:33:49 INFO english
2024-03-07 16:33:49 INFO physics
2024-03-07 16:33:49 INFO chemistry
2024-03-07 16:39:19 INFO 3
2024-03-07 16:44:27 INFO OptionalInt[10]
2024-03-07 16:44:48 INFO OptionalInt[12]
2024-03-07 16:45:00 INFO OptionalInt[12]
2024-03-07 16:46:24 INFO OptionalInt[10]
2024-03-07 17:14:34 INFO Parallel time is: 
2024-03-07 17:14:34 INFO 5161100
2024-03-07 17:14:56 INFO Parallel time is: 
2024-03-07 17:14:56 INFO 5217900
2024-03-07 17:14:56 INFO Sequential time is: 
2024-03-07 17:14:56 INFO 325100
2024-03-07 17:17:03 INFO Parallel time is: 
2024-03-07 17:17:03 INFO 6402500
2024-03-07 17:17:03 INFO Sequential time is: 
2024-03-07 17:17:03 INFO 827200
2024-03-07 17:17:49 INFO Parallel time is: 
2024-03-07 17:17:49 INFO 12850000
2024-03-07 17:17:49 INFO Sequential time is: 
2024-03-07 17:17:49 INFO 7774700
2024-03-07 17:18:15 INFO Parallel time is: 
2024-03-07 17:18:15 INFO 49208800
2024-03-07 17:18:16 INFO Sequential time is: 
2024-03-07 17:18:16 INFO 53469100
2024-03-07 17:18:28 INFO Parallel time is: 
2024-03-07 17:18:28 INFO 51417500
2024-03-07 17:18:28 INFO Sequential time is: 
2024-03-07 17:18:28 INFO 44230800
2024-03-07 17:28:22 INFO 2
2024-03-07 17:34:21 INFO 2
2024-03-07 17:34:48 INFO 2
2024-03-07 17:35:44 INFO 2
2024-03-11 11:42:18 INFO Customer name contains special characters.
2024-03-11 11:42:56 INFO Customer name contains special characters.
2024-03-11 11:43:47 INFO Customer name contains special characters.
2024-03-11 11:43:56 INFO Customer name does not contains special characters.
2024-03-11 11:45:05 INFO Customer ID is valid.
2024-03-11 11:45:12 INFO Customer ID is valid.
2024-03-11 11:45:48 INFO Customer ID is not valid.
2024-03-11 11:47:05 INFO Customer ID is valid.
2024-03-11 11:47:05 INFO Customer ID is valid.
2024-03-11 11:47:15 INFO Customer ID is valid.
2024-03-11 11:47:15 INFO Customer ID is not valid.
2024-03-11 11:47:27 INFO Customer ID is valid.
2024-03-11 11:47:27 INFO Customer ID is not valid.
2024-03-11 11:47:37 INFO Customer ID is valid.
2024-03-11 11:47:37 INFO Customer ID is not valid.
2024-03-11 11:47:45 INFO Customer ID is valid.
2024-03-11 11:47:45 INFO Customer ID is not valid.
2024-03-11 11:47:57 INFO Customer ID is valid.
2024-03-11 11:47:57 INFO Customer ID is valid.
2024-03-11 11:49:11 INFO Customer ID is not valid.
2024-03-11 11:49:11 INFO Customer ID is valid.
2024-03-11 11:49:19 INFO Customer ID is valid.
2024-03-11 11:49:19 INFO Customer ID is valid.
2024-03-11 11:50:41 INFO Day in week is valid.
2024-03-11 11:50:54 INFO Day in week is valid.
2024-03-11 11:51:12 INFO Date format is valid.
2024-03-11 11:51:36 INFO Email is valid.
2024-03-11 11:53:43 INFO Email is valid.
2024-03-11 11:54:43 INFO Email is valid.
2024-03-11 11:54:54 INFO Email is not valid.
2024-03-11 11:56:47 INFO Email is not valid.
2024-03-11 11:56:56 INFO Email is valid.
2024-03-11 11:57:10 INFO Email is valid.
2024-03-11 11:57:34 INFO Email is valid.
2024-03-11 11:57:55 INFO Customer ID is not valid.
2024-03-11 11:57:55 INFO Customer ID is valid.
2024-03-11 11:57:55 INFO Day in week is valid.
2024-03-11 11:57:55 INFO Date format is valid.
2024-03-11 11:57:55 INFO Email is valid.
2024-03-11 14:58:51 INFO ThreadOne started Thread-0
2024-03-11 14:58:51 INFO Thread-1
2024-03-11 16:38:36 INFO Hello world
2024-03-11 16:38:37 INFO Bye
2024-03-11 16:41:28 INFO Hello world
2024-03-11 16:41:29 INFO Bye
2024-03-11 16:46:24 INFO Hello world
2024-03-11 16:46:25 INFO Bye
2024-03-11 16:46:30 INFO main 0
2024-03-11 16:46:30 INFO Thread-0
2024-03-11 16:46:30 INFO main 1
2024-03-11 16:46:30 INFO main 2
2024-03-11 16:46:30 INFO main 3
2024-03-11 16:46:30 INFO main 4
2024-03-11 16:46:30 INFO main 5
2024-03-11 16:46:30 INFO main 6
2024-03-11 16:46:30 INFO main 7
2024-03-11 16:46:30 INFO main 8
2024-03-11 16:46:30 INFO main 9
2024-03-11 16:47:00 INFO main 0
2024-03-11 16:47:00 INFO Thread-0
2024-03-11 16:47:16 INFO main 0
2024-03-11 16:47:16 INFO Thread-0
2024-03-11 16:47:16 INFO main 1
2024-03-11 16:47:16 INFO main 2
2024-03-11 16:47:16 INFO main 3
2024-03-11 16:47:16 INFO main 4
2024-03-11 16:47:16 INFO main 5
2024-03-11 16:47:16 INFO main 6
2024-03-11 16:47:16 INFO main 7
2024-03-11 16:47:16 INFO main 8
2024-03-11 16:47:16 INFO main 9
2024-03-11 16:47:38 INFO main 1
2024-03-11 16:47:38 INFO Thread-0
2024-03-11 16:47:38 INFO main 2
2024-03-11 16:47:38 INFO main 3
2024-03-11 16:47:38 INFO main 4
2024-03-11 16:47:38 INFO main 5
2024-03-11 16:47:38 INFO main 6
2024-03-11 16:47:38 INFO main 7
2024-03-11 16:47:38 INFO main 8
2024-03-11 16:47:38 INFO main 9
2024-03-11 16:47:38 INFO main 10
2024-03-11 16:48:17 INFO Thread-0
2024-03-11 16:48:17 INFO main 1
2024-03-11 16:48:17 INFO main 2
2024-03-11 16:48:17 INFO main 3
2024-03-11 16:48:17 INFO main 4
2024-03-11 16:48:17 INFO main 5
2024-03-11 16:48:17 INFO main 6
2024-03-11 16:48:17 INFO main 7
2024-03-11 16:48:17 INFO main 8
2024-03-11 16:48:17 INFO main 9
2024-03-11 16:48:17 INFO main 10
2024-03-11 16:48:33 INFO Thread-0 1
2024-03-11 16:48:33 INFO Thread-0
2024-03-11 16:48:33 INFO Thread-0 2
2024-03-11 16:48:33 INFO Thread-0 3
2024-03-11 16:48:33 INFO Thread-0 4
2024-03-11 16:48:33 INFO Thread-0 5
2024-03-11 16:48:33 INFO Thread-0 6
2024-03-11 16:48:33 INFO Thread-0 7
2024-03-11 16:48:33 INFO Thread-0 8
2024-03-11 16:48:33 INFO Thread-0 9
2024-03-11 16:48:33 INFO Thread-0 10
2024-03-11 16:49:18 INFO Thread-0
2024-03-11 16:49:18 INFO main 1
2024-03-11 16:49:18 INFO main 2
2024-03-11 16:49:18 INFO main 3
2024-03-11 16:49:18 INFO main 4
2024-03-11 16:49:18 INFO main 5
2024-03-11 16:49:18 INFO main 6
2024-03-11 16:49:18 INFO main 7
2024-03-11 16:49:18 INFO main 8
2024-03-11 16:49:18 INFO main 9
2024-03-11 16:49:18 INFO main 10
2024-03-11 16:50:04 INFO main 1
2024-03-11 16:50:04 INFO main 2
2024-03-11 16:50:04 INFO main 3
2024-03-11 16:50:04 INFO main 4
2024-03-11 16:50:04 INFO main 5
2024-03-11 16:50:04 INFO main 6
2024-03-11 16:50:04 INFO main 7
2024-03-11 16:50:04 INFO main 8
2024-03-11 16:50:04 INFO main 9
2024-03-11 16:50:04 INFO main 10
2024-03-11 16:59:09 INFO Thread-0 1
2024-03-11 16:59:09 INFO Thread-0 2
2024-03-11 16:59:09 INFO Thread-0 3
2024-03-11 16:59:09 INFO Thread-0 4
2024-03-11 16:59:09 INFO Thread-0 5
2024-03-11 16:59:09 INFO Thread-0 6
2024-03-11 16:59:09 INFO Thread-0 7
2024-03-11 16:59:09 INFO Thread-0 8
2024-03-11 16:59:09 INFO Thread-0 9
2024-03-11 16:59:09 INFO Thread-0 10
2024-03-11 17:04:56 INFO Thread-6 1
2024-03-11 17:04:56 INFO Thread-8 1
2024-03-11 17:04:56 INFO Thread-0 1
2024-03-11 17:04:56 INFO Thread-2 1
2024-03-11 17:04:56 INFO Thread-4 1
2024-03-11 17:04:56 INFO Thread-6 2
2024-03-11 17:04:56 INFO Thread-8 2
2024-03-11 17:04:56 INFO Thread-4 2
2024-03-11 17:04:56 INFO Thread-0 2
2024-03-11 17:04:56 INFO Thread-4 3
2024-03-11 17:04:56 INFO Thread-2 2
2024-03-11 17:04:56 INFO Thread-8 3
2024-03-11 17:04:56 INFO Thread-6 3
2024-03-11 17:04:56 INFO Thread-0 3
2024-03-11 17:04:56 INFO Thread-4 4
2024-03-11 17:04:56 INFO Thread-2 3
2024-03-11 17:04:56 INFO Thread-6 4
2024-03-11 17:04:56 INFO Thread-0 4
2024-03-11 17:04:56 INFO Thread-8 4
2024-03-11 17:04:56 INFO Thread-4 5
2024-03-11 17:04:56 INFO Thread-2 4
2024-03-11 17:04:56 INFO Thread-8 5
2024-03-11 17:04:56 INFO Thread-6 5
2024-03-11 17:04:56 INFO Thread-0 5
2024-03-11 17:04:56 INFO Thread-4 6
2024-03-11 17:04:56 INFO Thread-2 5
2024-03-11 17:04:56 INFO Thread-8 6
2024-03-11 17:04:56 INFO Thread-0 6
2024-03-11 17:04:56 INFO Thread-6 6
2024-03-11 17:04:56 INFO Thread-4 7
2024-03-11 17:04:56 INFO Thread-2 6
2024-03-11 17:04:56 INFO Thread-8 7
2024-03-11 17:04:56 INFO Thread-6 7
2024-03-11 17:04:56 INFO Thread-4 8
2024-03-11 17:04:56 INFO Thread-2 7
2024-03-11 17:04:56 INFO Thread-0 7
2024-03-11 17:04:56 INFO Thread-4 9
2024-03-11 17:04:56 INFO Thread-8 8
2024-03-11 17:04:56 INFO Thread-2 8
2024-03-11 17:04:56 INFO Thread-4 10
2024-03-11 17:04:56 INFO Thread-6 8
2024-03-11 17:04:56 INFO Thread-0 8
2024-03-11 17:04:56 INFO Thread-8 9
2024-03-11 17:04:56 INFO Thread-2 9
2024-03-11 17:04:56 INFO Thread-6 9
2024-03-11 17:04:56 INFO Thread-0 9
2024-03-11 17:04:56 INFO Thread-8 10
2024-03-11 17:04:56 INFO Thread-2 10
2024-03-11 17:04:56 INFO Thread-6 10
2024-03-11 17:04:56 INFO Thread-0 10
2024-03-11 17:11:45 INFO Thread 4 1
2024-03-11 17:11:45 INFO Thread 1 1
2024-03-11 17:11:45 INFO Thread 5 1
2024-03-11 17:11:45 INFO Thread 2 1
2024-03-11 17:11:45 INFO Thread 3 1
2024-03-11 17:11:45 INFO Thread 4 2
2024-03-11 17:11:45 INFO Thread 5 2
2024-03-11 17:11:45 INFO Thread 3 2
2024-03-11 17:11:45 INFO Thread 1 2
2024-03-11 17:11:45 INFO Thread 2 2
2024-03-11 17:11:45 INFO Thread 4 3
2024-03-11 17:11:45 INFO Thread 1 3
2024-03-11 17:11:45 INFO Thread 5 3
2024-03-11 17:11:45 INFO Thread 2 3
2024-03-11 17:11:45 INFO Thread 3 3
2024-03-11 17:11:45 INFO Thread 4 4
2024-03-11 17:11:45 INFO Thread 5 4
2024-03-11 17:11:45 INFO Thread 3 4
2024-03-11 17:11:45 INFO Thread 4 5
2024-03-11 17:11:45 INFO Thread 2 4
2024-03-11 17:11:45 INFO Thread 3 5
2024-03-11 17:11:45 INFO Thread 5 5
2024-03-11 17:11:45 INFO Thread 1 4
2024-03-11 17:11:45 INFO Thread 3 6
2024-03-11 17:11:45 INFO Thread 5 6
2024-03-11 17:11:45 INFO Thread 1 5
2024-03-11 17:11:45 INFO Thread 3 7
2024-03-11 17:11:45 INFO Thread 2 5
2024-03-11 17:11:45 INFO Thread 4 6
2024-03-11 17:11:45 INFO Thread 3 8
2024-03-11 17:11:45 INFO Thread 2 6
2024-03-11 17:11:45 INFO Thread 3 9
2024-03-11 17:11:45 INFO Thread 2 7
2024-03-11 17:11:45 INFO Thread 3 10
2024-03-11 17:11:45 INFO Thread 1 6
2024-03-11 17:11:45 INFO Thread 5 7
2024-03-11 17:11:45 INFO Thread 1 7
2024-03-11 17:11:45 INFO Thread 2 8
2024-03-11 17:11:45 INFO Thread 4 7
2024-03-11 17:11:45 INFO Thread 5 8
2024-03-11 17:11:45 INFO Thread 2 9
2024-03-11 17:11:45 INFO Thread 4 8
2024-03-11 17:11:45 INFO Thread 2 10
2024-03-11 17:11:45 INFO Thread 5 9
2024-03-11 17:11:45 INFO Thread 4 9
2024-03-11 17:11:45 INFO Thread 1 8
2024-03-11 17:11:45 INFO Thread 5 10
2024-03-11 17:11:45 INFO Thread 4 10
2024-03-11 17:11:45 INFO Thread 1 9
2024-03-11 17:11:45 INFO Thread 1 10
2024-03-11 17:12:58 INFO Thread 3 1
2024-03-11 17:12:58 INFO Thread 4 1
2024-03-11 17:12:58 INFO Thread 2 1
2024-03-11 17:12:58 INFO Thread 3 2
2024-03-11 17:12:58 INFO Thread 2 2
2024-03-11 17:12:58 INFO Thread 5 1
2024-03-11 17:12:58 INFO Thread 3 3
2024-03-11 17:12:58 INFO Thread 4 2
2024-03-11 17:12:58 INFO Thread 1 1
2024-03-11 17:12:58 INFO Thread 5 2
2024-03-11 17:12:58 INFO Thread 3 4
2024-03-11 17:12:58 INFO Thread 3 5
2024-03-11 17:12:58 INFO Thread 2 3
2024-03-11 17:12:58 INFO Thread 3 6
2024-03-11 17:12:58 INFO Thread 3 7
2024-03-11 17:12:58 INFO Thread 1 2
2024-03-11 17:12:58 INFO Thread 3 8
2024-03-11 17:12:58 INFO Thread 5 3
2024-03-11 17:12:58 INFO Thread 4 3
2024-03-11 17:12:58 INFO Thread 5 4
2024-03-11 17:12:58 INFO Thread 1 3
2024-03-11 17:12:58 INFO Thread 3 9
2024-03-11 17:12:58 INFO Thread 4 4
2024-03-11 17:12:58 INFO Thread 2 4
2024-03-11 17:12:58 INFO Thread 4 5
2024-03-11 17:12:58 INFO Thread 5 5
2024-03-11 17:12:58 INFO Thread 3 10
2024-03-11 17:12:58 INFO Thread 2 5
2024-03-11 17:12:58 INFO Thread 4 6
2024-03-11 17:12:58 INFO Thread 1 4
2024-03-11 17:12:58 INFO Thread 2 6
2024-03-11 17:12:58 INFO Thread 5 6
2024-03-11 17:12:58 INFO Thread 5 7
2024-03-11 17:12:58 INFO Thread 2 7
2024-03-11 17:12:58 INFO Thread 5 8
2024-03-11 17:12:58 INFO Thread 4 7
2024-03-11 17:12:58 INFO Thread 1 5
2024-03-11 17:12:58 INFO Thread 5 9
2024-03-11 17:12:58 INFO Thread 1 6
2024-03-11 17:12:58 INFO Thread 4 8
2024-03-11 17:12:58 INFO Thread 2 8
2024-03-11 17:12:58 INFO Thread 5 10
2024-03-11 17:12:58 INFO Thread 4 9
2024-03-11 17:12:58 INFO Thread 1 7
2024-03-11 17:12:58 INFO Thread 2 9
2024-03-11 17:12:58 INFO Thread 4 10
2024-03-11 17:12:58 INFO Thread 1 8
2024-03-11 17:12:58 INFO Thread 2 10
2024-03-11 17:12:58 INFO Thread 1 9
2024-03-11 17:12:58 INFO Thread 1 10
2024-03-11 17:15:00 INFO Thread 2 1
2024-03-11 17:15:00 INFO Thread 1 1
2024-03-11 17:15:00 INFO Thread 5 1
2024-03-11 17:15:00 INFO Thread 4 1
2024-03-11 17:15:00 INFO Thread 3 1
2024-03-11 17:15:00 INFO Thread 5 2
2024-03-11 17:15:00 INFO Thread 4 2
2024-03-11 17:15:00 INFO Thread 2 2
2024-03-11 17:15:00 INFO Thread 3 2
2024-03-11 17:15:00 INFO Thread 1 2
2024-03-11 17:15:00 INFO Thread 4 3
2024-03-11 17:15:00 INFO Thread 2 3
2024-03-11 17:15:00 INFO Thread 3 3
2024-03-11 17:15:00 INFO Thread 4 4
2024-03-11 17:15:00 INFO Thread 2 4
2024-03-11 17:15:00 INFO Thread 3 4
2024-03-11 17:15:00 INFO Thread 4 5
2024-03-11 17:15:00 INFO Thread 2 5
2024-03-11 17:15:00 INFO Thread 3 5
2024-03-11 17:15:00 INFO Thread 4 6
2024-03-11 17:15:00 INFO Thread 1 3
2024-03-11 17:15:00 INFO Thread 3 6
2024-03-11 17:15:00 INFO Thread 4 7
2024-03-11 17:15:00 INFO Thread 1 4
2024-03-11 17:15:00 INFO Thread 3 7
2024-03-11 17:15:00 INFO Thread 4 8
2024-03-11 17:15:00 INFO Thread 1 5
2024-03-11 17:15:00 INFO Thread 3 8
2024-03-11 17:15:00 INFO Thread 4 9
2024-03-11 17:15:00 INFO Thread 1 6
2024-03-11 17:15:00 INFO Thread 3 9
2024-03-11 17:15:00 INFO Thread 1 7
2024-03-11 17:15:00 INFO Thread 3 10
2024-03-11 17:15:00 INFO Thread 2 6
2024-03-11 17:15:00 INFO Thread 2 7
2024-03-11 17:15:00 INFO Thread 2 8
2024-03-11 17:15:00 INFO Thread 2 9
2024-03-11 17:15:00 INFO Thread 2 10
2024-03-11 17:15:00 INFO Thread 5 3
2024-03-11 17:15:00 INFO Thread 1 8
2024-03-11 17:15:00 INFO Thread 4 10
2024-03-11 17:15:00 INFO Thread 5 4
2024-03-11 17:15:00 INFO Thread 1 9
2024-03-11 17:15:00 INFO Thread 5 5
2024-03-11 17:15:00 INFO Thread 1 10
2024-03-11 17:15:00 INFO Thread 5 6
2024-03-11 17:15:00 INFO Thread 5 7
2024-03-11 17:15:00 INFO Thread 5 8
2024-03-11 17:15:00 INFO Thread 5 9
2024-03-11 17:15:00 INFO Thread 5 10
2024-03-11 17:16:45 INFO Thread 5 1
2024-03-11 17:16:45 INFO Thread 4 1
2024-03-11 17:16:45 INFO Thread 3 1
2024-03-11 17:16:45 INFO Thread 2 1
2024-03-11 17:16:45 INFO Thread 5 2
2024-03-11 17:16:45 INFO Thread 4 2
2024-03-11 17:16:45 INFO Thread 1 1
2024-03-11 17:16:45 INFO Thread 2 2
2024-03-11 17:16:45 INFO Thread 5 3
2024-03-11 17:16:45 INFO Thread 3 2
2024-03-11 17:16:45 INFO Thread 4 3
2024-03-11 17:16:45 INFO Thread 2 3
2024-03-11 17:16:45 INFO Thread 5 4
2024-03-11 17:16:45 INFO Thread 3 3
2024-03-11 17:16:45 INFO Thread 4 4
2024-03-11 17:16:45 INFO Thread 2 4
2024-03-11 17:16:45 INFO Thread 5 5
2024-03-11 17:16:45 INFO Thread 3 4
2024-03-11 17:16:45 INFO Thread 4 5
2024-03-11 17:16:45 INFO Thread 2 5
2024-03-11 17:16:45 INFO Thread 5 6
2024-03-11 17:16:45 INFO Thread 3 5
2024-03-11 17:16:45 INFO Thread 4 6
2024-03-11 17:16:45 INFO Thread 2 6
2024-03-11 17:16:45 INFO Thread 5 7
2024-03-11 17:16:45 INFO Thread 1 2
2024-03-11 17:16:45 INFO Thread 2 7
2024-03-11 17:16:45 INFO Thread 5 8
2024-03-11 17:16:45 INFO Thread 4 7
2024-03-11 17:16:45 INFO Thread 3 6
2024-03-11 17:16:45 INFO Thread 5 9
2024-03-11 17:16:45 INFO Thread 1 3
2024-03-11 17:16:45 INFO Thread 4 8
2024-03-11 17:16:45 INFO Thread 3 7
2024-03-11 17:16:45 INFO Thread 5 10
2024-03-11 17:16:45 INFO Thread 2 8
2024-03-11 17:16:45 INFO Thread 4 9
2024-03-11 17:16:45 INFO Thread 2 9
2024-03-11 17:16:45 INFO Thread 4 10
2024-03-11 17:16:45 INFO Thread 2 10
2024-03-11 17:16:45 INFO Thread 1 4
2024-03-11 17:16:45 INFO Thread 3 8
2024-03-11 17:16:45 INFO Thread 3 9
2024-03-11 17:16:45 INFO Thread 3 10
2024-03-11 17:16:45 INFO Thread 1 5
2024-03-11 17:16:45 INFO Thread 1 6
2024-03-11 17:16:45 INFO Thread 1 7
2024-03-11 17:16:45 INFO Thread 1 8
2024-03-11 17:16:45 INFO Thread 1 9
2024-03-11 17:16:45 INFO Thread 1 10
2024-03-11 17:17:00 INFO Thread 2 1
2024-03-11 17:17:00 INFO Thread 4 1
2024-03-11 17:17:00 INFO Thread 5 1
2024-03-11 17:17:00 INFO Thread 3 1
2024-03-11 17:17:00 INFO Thread 1 1
2024-03-11 17:17:00 INFO Thread 4 2
2024-03-11 17:17:00 INFO Thread 1 2
2024-03-11 17:17:00 INFO Thread 3 2
2024-03-11 17:17:00 INFO Thread 2 2
2024-03-11 17:17:00 INFO Thread 5 2
2024-03-11 17:17:00 INFO Thread 4 3
2024-03-11 17:17:00 INFO Thread 2 3
2024-03-11 17:17:00 INFO Thread 3 3
2024-03-11 17:17:00 INFO Thread 1 3
2024-03-11 17:17:00 INFO Thread 4 4
2024-03-11 17:17:00 INFO Thread 2 4
2024-03-11 17:17:00 INFO Thread 1 4
2024-03-11 17:17:00 INFO Thread 3 4
2024-03-11 17:17:00 INFO Thread 4 5
2024-03-11 17:17:00 INFO Thread 2 5
2024-03-11 17:17:00 INFO Thread 5 3
2024-03-11 17:17:00 INFO Thread 1 5
2024-03-11 17:17:00 INFO Thread 3 5
2024-03-11 17:17:00 INFO Thread 2 6
2024-03-11 17:17:00 INFO Thread 1 6
2024-03-11 17:17:00 INFO Thread 4 6
2024-03-11 17:17:00 INFO Thread 3 6
2024-03-11 17:17:00 INFO Thread 1 7
2024-03-11 17:17:00 INFO Thread 4 7
2024-03-11 17:17:00 INFO Thread 3 7
2024-03-11 17:17:00 INFO Thread 5 4
2024-03-11 17:17:00 INFO Thread 2 7
2024-03-11 17:17:00 INFO Thread 1 8
2024-03-11 17:17:00 INFO Thread 3 8
2024-03-11 17:17:00 INFO Thread 5 5
2024-03-11 17:17:00 INFO Thread 4 8
2024-03-11 17:17:00 INFO Thread 1 9
2024-03-11 17:17:00 INFO Thread 5 6
2024-03-11 17:17:00 INFO Thread 3 9
2024-03-11 17:17:00 INFO Thread 4 9
2024-03-11 17:17:00 INFO Thread 1 10
2024-03-11 17:17:00 INFO Thread 5 7
2024-03-11 17:17:00 INFO Thread 2 8
2024-03-11 17:17:00 INFO Thread 4 10
2024-03-11 17:17:00 INFO Thread 3 10
2024-03-11 17:17:00 INFO Thread 5 8
2024-03-11 17:17:00 INFO Thread 2 9
2024-03-11 17:17:00 INFO Thread 5 9
2024-03-11 17:17:00 INFO Thread 2 10
2024-03-11 17:17:00 INFO Thread 5 10
2024-03-11 17:17:25 INFO Thread 5 1
2024-03-11 17:17:25 INFO Thread 3 1
2024-03-11 17:17:25 INFO Thread 2 1
2024-03-11 17:17:25 INFO Thread 1 1
2024-03-11 17:17:25 INFO Thread 4 1
2024-03-11 17:17:25 INFO Thread 4 2
2024-03-11 17:17:25 INFO Thread 3 2
2024-03-11 17:17:25 INFO Thread 1 2
2024-03-11 17:17:25 INFO Thread 3 3
2024-03-11 17:17:25 INFO Thread 1 3
2024-03-11 17:17:25 INFO Thread 3 4
2024-03-11 17:17:25 INFO Thread 1 4
2024-03-11 17:17:25 INFO Thread 3 5
2024-03-11 17:17:25 INFO Thread 5 2
2024-03-11 17:17:25 INFO Thread 3 6
2024-03-11 17:17:25 INFO Thread 4 3
2024-03-11 17:17:25 INFO Thread 1 5
2024-03-11 17:17:25 INFO Thread 2 2
2024-03-11 17:17:25 INFO Thread 1 6
2024-03-11 17:17:25 INFO Thread 4 4
2024-03-11 17:17:25 INFO Thread 3 7
2024-03-11 17:17:25 INFO Thread 1 7
2024-03-11 17:17:25 INFO Thread 4 5
2024-03-11 17:17:25 INFO Thread 3 8
2024-03-11 17:17:25 INFO Thread 1 8
2024-03-11 17:17:25 INFO Thread 4 6
2024-03-11 17:17:25 INFO Thread 1 9
2024-03-11 17:17:25 INFO Thread 2 3
2024-03-11 17:17:25 INFO Thread 4 7
2024-03-11 17:17:25 INFO Thread 3 9
2024-03-11 17:17:25 INFO Thread 1 10
2024-03-11 17:17:25 INFO Thread 3 10
2024-03-11 17:17:25 INFO Thread 4 8
2024-03-11 17:17:25 INFO Thread 5 3
2024-03-11 17:17:25 INFO Thread 2 4
2024-03-11 17:17:25 INFO Thread 4 9
2024-03-11 17:17:25 INFO Thread 5 4
2024-03-11 17:17:25 INFO Thread 4 10
2024-03-11 17:17:25 INFO Thread 5 5
2024-03-11 17:17:25 INFO Thread 2 5
2024-03-11 17:17:25 INFO Thread 5 6
2024-03-11 17:17:25 INFO Thread 2 6
2024-03-11 17:17:25 INFO Thread 5 7
2024-03-11 17:17:25 INFO Thread 2 7
2024-03-11 17:17:25 INFO Thread 5 8
2024-03-11 17:17:25 INFO Thread 2 8
2024-03-11 17:17:25 INFO Thread 5 9
2024-03-11 17:17:25 INFO Thread 2 9
2024-03-11 17:17:25 INFO Thread 5 10
2024-03-11 17:17:25 INFO Thread 2 10
2024-03-11 17:18:39 INFO Thread 5 1
2024-03-11 17:18:39 INFO Thread 2 1
2024-03-11 17:18:39 INFO Thread 3 1
2024-03-11 17:18:39 INFO Thread 1 1
2024-03-11 17:18:39 INFO Thread 4 1
2024-03-11 17:18:39 INFO Thread 3 2
2024-03-11 17:18:39 INFO Thread 4 2
2024-03-11 17:18:39 INFO Thread 2 2
2024-03-11 17:18:39 INFO Thread 1 2
2024-03-11 17:18:39 INFO Thread 3 3
2024-03-11 17:18:39 INFO Thread 2 3
2024-03-11 17:18:39 INFO Thread 1 3
2024-03-11 17:18:39 INFO Thread 2 4
2024-03-11 17:18:39 INFO Thread 5 2
2024-03-11 17:18:39 INFO Thread 3 4
2024-03-11 17:18:39 INFO Thread 4 3
2024-03-11 17:18:39 INFO Thread 2 5
2024-03-11 17:18:39 INFO Thread 1 4
2024-03-11 17:18:39 INFO Thread 5 3
2024-03-11 17:18:39 INFO Thread 2 6
2024-03-11 17:18:39 INFO Thread 4 4
2024-03-11 17:18:39 INFO Thread 3 5
2024-03-11 17:18:39 INFO Thread 5 4
2024-03-11 17:18:39 INFO Thread 1 5
2024-03-11 17:18:39 INFO Thread 2 7
2024-03-11 17:18:39 INFO Thread 4 5
2024-03-11 17:18:39 INFO Thread 3 6
2024-03-11 17:18:39 INFO Thread 1 6
2024-03-11 17:18:39 INFO Thread 2 8
2024-03-11 17:18:39 INFO Thread 5 5
2024-03-11 17:18:39 INFO Thread 4 6
2024-03-11 17:18:39 INFO Thread 3 7
2024-03-11 17:18:39 INFO Thread 2 9
2024-03-11 17:18:39 INFO Thread 1 7
2024-03-11 17:18:39 INFO Thread 4 7
2024-03-11 17:18:39 INFO Thread 5 6
2024-03-11 17:18:39 INFO Thread 3 8
2024-03-11 17:18:39 INFO Thread 4 8
2024-03-11 17:18:39 INFO Thread 2 10
2024-03-11 17:18:39 INFO Thread 1 8
2024-03-11 17:18:39 INFO Thread 5 7
2024-03-11 17:18:39 INFO Thread 3 9
2024-03-11 17:18:39 INFO Thread 4 9
2024-03-11 17:18:39 INFO Thread 1 9
2024-03-11 17:18:39 INFO Thread 3 10
2024-03-11 17:18:39 INFO Thread 5 8
2024-03-11 17:18:39 INFO Thread 4 10
2024-03-11 17:18:39 INFO Thread 1 10
2024-03-11 17:18:39 INFO Thread 5 9
2024-03-11 17:18:39 INFO Thread 5 10
2024-03-11 17:18:47 INFO Thread 2 1
2024-03-11 17:18:47 INFO Thread 1 1
2024-03-11 17:18:47 INFO Thread 5 1
2024-03-11 17:18:47 INFO Thread 4 1
2024-03-11 17:18:47 INFO Thread 3 1
2024-03-11 17:18:47 INFO Thread 2 2
2024-03-11 17:18:47 INFO Thread 1 2
2024-03-11 17:18:47 INFO Thread 4 2
2024-03-11 17:18:47 INFO Thread 3 2
2024-03-11 17:18:47 INFO Thread 2 3
2024-03-11 17:18:47 INFO Thread 4 3
2024-03-11 17:18:47 INFO Thread 5 2
2024-03-11 17:18:47 INFO Thread 3 3
2024-03-11 17:18:47 INFO Thread 2 4
2024-03-11 17:18:47 INFO Thread 1 3
2024-03-11 17:18:47 INFO Thread 4 4
2024-03-11 17:18:47 INFO Thread 3 4
2024-03-11 17:18:47 INFO Thread 2 5
2024-03-11 17:18:47 INFO Thread 1 4
2024-03-11 17:18:47 INFO Thread 3 5
2024-03-11 17:18:47 INFO Thread 4 5
2024-03-11 17:18:47 INFO Thread 2 6
2024-03-11 17:18:47 INFO Thread 5 3
2024-03-11 17:18:47 INFO Thread 4 6
2024-03-11 17:18:47 INFO Thread 2 7
2024-03-11 17:18:47 INFO Thread 5 4
2024-03-11 17:18:47 INFO Thread 4 7
2024-03-11 17:18:47 INFO Thread 2 8
2024-03-11 17:18:47 INFO Thread 4 8
2024-03-11 17:18:47 INFO Thread 1 5
2024-03-11 17:18:47 INFO Thread 2 9
2024-03-11 17:18:47 INFO Thread 4 9
2024-03-11 17:18:47 INFO Thread 1 6
2024-03-11 17:18:47 INFO Thread 5 5
2024-03-11 17:18:47 INFO Thread 3 6
2024-03-11 17:18:47 INFO Thread 4 10
2024-03-11 17:18:47 INFO Thread 2 10
2024-03-11 17:18:47 INFO Thread 1 7
2024-03-11 17:18:47 INFO Thread 3 7
2024-03-11 17:18:47 INFO Thread 5 6
2024-03-11 17:18:47 INFO Thread 3 8
2024-03-11 17:18:47 INFO Thread 1 8
2024-03-11 17:18:47 INFO Thread 5 7
2024-03-11 17:18:47 INFO Thread 3 9
2024-03-11 17:18:47 INFO Thread 1 9
2024-03-11 17:18:47 INFO Thread 5 8
2024-03-11 17:18:47 INFO Thread 3 10
2024-03-11 17:18:47 INFO Thread 1 10
2024-03-11 17:18:47 INFO Thread 5 9
2024-03-11 17:18:47 INFO Thread 5 10
2024-03-11 17:18:55 INFO Thread 4 1
2024-03-11 17:18:55 INFO Thread 3 1
2024-03-11 17:18:55 INFO Thread 5 1
2024-03-11 17:18:55 INFO Thread 2 1
2024-03-11 17:18:55 INFO Thread 1 1
2024-03-11 17:18:55 INFO Thread 3 2
2024-03-11 17:18:55 INFO Thread 4 2
2024-03-11 17:18:55 INFO Thread 1 2
2024-03-11 17:18:55 INFO Thread 3 3
2024-03-11 17:18:55 INFO Thread 5 2
2024-03-11 17:18:55 INFO Thread 4 3
2024-03-11 17:18:55 INFO Thread 2 2
2024-03-11 17:18:55 INFO Thread 1 3
2024-03-11 17:18:55 INFO Thread 3 4
2024-03-11 17:18:55 INFO Thread 4 4
2024-03-11 17:18:55 INFO Thread 1 4
2024-03-11 17:18:55 INFO Thread 3 5
2024-03-11 17:18:55 INFO Thread 5 3
2024-03-11 17:18:55 INFO Thread 1 5
2024-03-11 17:18:55 INFO Thread 2 3
2024-03-11 17:18:55 INFO Thread 3 6
2024-03-11 17:18:55 INFO Thread 4 5
2024-03-11 17:18:55 INFO Thread 5 4
2024-03-11 17:18:55 INFO Thread 2 4
2024-03-11 17:18:55 INFO Thread 1 6
2024-03-11 17:18:55 INFO Thread 5 5
2024-03-11 17:18:55 INFO Thread 4 6
2024-03-11 17:18:55 INFO Thread 3 7
2024-03-11 17:18:55 INFO Thread 1 7
2024-03-11 17:18:55 INFO Thread 3 8
2024-03-11 17:18:55 INFO Thread 2 5
2024-03-11 17:18:55 INFO Thread 3 9
2024-03-11 17:18:55 INFO Thread 5 6
2024-03-11 17:18:55 INFO Thread 4 7
2024-03-11 17:18:55 INFO Thread 2 6
2024-03-11 17:18:55 INFO Thread 1 8
2024-03-11 17:18:55 INFO Thread 3 10
2024-03-11 17:18:55 INFO Thread 1 9
2024-03-11 17:18:55 INFO Thread 5 7
2024-03-11 17:18:55 INFO Thread 2 7
2024-03-11 17:18:55 INFO Thread 1 10
2024-03-11 17:18:55 INFO Thread 4 8
2024-03-11 17:18:55 INFO Thread 5 8
2024-03-11 17:18:55 INFO Thread 2 8
2024-03-11 17:18:55 INFO Thread 4 9
2024-03-11 17:18:55 INFO Thread 5 9
2024-03-11 17:18:55 INFO Thread 2 9
2024-03-11 17:18:55 INFO Thread 4 10
2024-03-11 17:18:55 INFO Thread 5 10
2024-03-11 17:18:55 INFO Thread 2 10
2024-03-11 17:19:00 INFO Thread 3 1
2024-03-11 17:19:00 INFO Thread 1 1
2024-03-11 17:19:00 INFO Thread 5 1
2024-03-11 17:19:00 INFO Thread 4 1
2024-03-11 17:19:00 INFO Thread 2 1
2024-03-11 17:19:00 INFO Thread 5 2
2024-03-11 17:19:00 INFO Thread 3 2
2024-03-11 17:19:00 INFO Thread 1 2
2024-03-11 17:19:00 INFO Thread 5 3
2024-03-11 17:19:00 INFO Thread 2 2
2024-03-11 17:19:00 INFO Thread 4 2
2024-03-11 17:19:00 INFO Thread 1 3
2024-03-11 17:19:00 INFO Thread 3 3
2024-03-11 17:19:00 INFO Thread 2 3
2024-03-11 17:19:00 INFO Thread 5 4
2024-03-11 17:19:00 INFO Thread 1 4
2024-03-11 17:19:00 INFO Thread 3 4
2024-03-11 17:19:00 INFO Thread 2 4
2024-03-11 17:19:00 INFO Thread 4 3
2024-03-11 17:19:00 INFO Thread 1 5
2024-03-11 17:19:00 INFO Thread 3 5
2024-03-11 17:19:00 INFO Thread 2 5
2024-03-11 17:19:00 INFO Thread 5 5
2024-03-11 17:19:00 INFO Thread 4 4
2024-03-11 17:19:00 INFO Thread 3 6
2024-03-11 17:19:00 INFO Thread 2 6
2024-03-11 17:19:00 INFO Thread 1 6
2024-03-11 17:19:00 INFO Thread 3 7
2024-03-11 17:19:00 INFO Thread 5 6
2024-03-11 17:19:00 INFO Thread 1 7
2024-03-11 17:19:00 INFO Thread 2 7
2024-03-11 17:19:00 INFO Thread 4 5
2024-03-11 17:19:00 INFO Thread 3 8
2024-03-11 17:19:00 INFO Thread 1 8
2024-03-11 17:19:00 INFO Thread 4 6
2024-03-11 17:19:00 INFO Thread 3 9
2024-03-11 17:19:00 INFO Thread 2 8
2024-03-11 17:19:00 INFO Thread 5 7
2024-03-11 17:19:00 INFO Thread 1 9
2024-03-11 17:19:00 INFO Thread 4 7
2024-03-11 17:19:00 INFO Thread 3 10
2024-03-11 17:19:00 INFO Thread 1 10
2024-03-11 17:19:00 INFO Thread 4 8
2024-03-11 17:19:00 INFO Thread 2 9
2024-03-11 17:19:00 INFO Thread 5 8
2024-03-11 17:19:00 INFO Thread 4 9
2024-03-11 17:19:00 INFO Thread 2 10
2024-03-11 17:19:00 INFO Thread 5 9
2024-03-11 17:19:00 INFO Thread 4 10
2024-03-11 17:19:00 INFO Thread 5 10
2024-03-11 17:20:08 INFO Thread 3 1
2024-03-11 17:20:08 INFO Thread 1 1
2024-03-11 17:20:08 INFO Thread 2 1
2024-03-11 17:20:08 INFO Thread 4 1
2024-03-11 17:20:08 INFO Thread 5 1
2024-03-11 17:20:08 INFO Thread 3 2
2024-03-11 17:20:08 INFO Thread 1 2
2024-03-11 17:20:08 INFO Thread 1 3
2024-03-11 17:20:08 INFO Thread 4 2
2024-03-11 17:20:08 INFO Thread 5 2
2024-03-11 17:20:08 INFO Thread 2 2
2024-03-11 17:20:08 INFO Thread 1 4
2024-03-11 17:20:08 INFO Thread 4 3
2024-03-11 17:20:08 INFO Thread 3 3
2024-03-11 17:20:08 INFO Thread 5 3
2024-03-11 17:20:08 INFO Thread 1 5
2024-03-11 17:20:08 INFO Thread 4 4
2024-03-11 17:20:08 INFO Thread 3 4
2024-03-11 17:20:08 INFO Thread 5 4
2024-03-11 17:20:08 INFO Thread 2 3
2024-03-11 17:20:08 INFO Thread 1 6
2024-03-11 17:20:08 INFO Thread 4 5
2024-03-11 17:20:08 INFO Thread 3 5
2024-03-11 17:20:08 INFO Thread 5 5
2024-03-11 17:20:08 INFO Thread 4 6
2024-03-11 17:20:08 INFO Thread 1 7
2024-03-11 17:20:08 INFO Thread 3 6
2024-03-11 17:20:08 INFO Thread 1 8
2024-03-11 17:20:08 INFO Thread 5 6
2024-03-11 17:20:08 INFO Thread 1 9
2024-03-11 17:20:08 INFO Thread 5 7
2024-03-11 17:20:08 INFO Thread 1 10
2024-03-11 17:20:08 INFO Thread 2 4
2024-03-11 17:20:08 INFO Thread 3 7
2024-03-11 17:20:08 INFO Thread 4 7
2024-03-11 17:20:08 INFO Thread 5 8
2024-03-11 17:20:08 INFO Thread 4 8
2024-03-11 17:20:08 INFO Thread 5 9
2024-03-11 17:20:08 INFO Thread 3 8
2024-03-11 17:20:08 INFO Thread 5 10
2024-03-11 17:20:08 INFO Thread 4 9
2024-03-11 17:20:08 INFO Thread 2 5
2024-03-11 17:20:08 INFO Thread 3 9
2024-03-11 17:20:08 INFO Thread 4 10
2024-03-11 17:20:08 INFO Thread 2 6
2024-03-11 17:20:08 INFO Thread 3 10
2024-03-11 17:20:08 INFO Thread 2 7
2024-03-11 17:20:08 INFO Thread 2 8
2024-03-11 17:20:08 INFO Thread 2 9
2024-03-11 17:20:08 INFO Thread 2 10
2024-03-11 17:20:12 INFO Thread 3 1
2024-03-11 17:20:12 INFO Thread 5 1
2024-03-11 17:20:12 INFO Thread 1 1
2024-03-11 17:20:12 INFO Thread 2 1
2024-03-11 17:20:12 INFO Thread 4 1
2024-03-11 17:20:12 INFO Thread 5 2
2024-03-11 17:20:12 INFO Thread 3 2
2024-03-11 17:20:12 INFO Thread 1 2
2024-03-11 17:20:12 INFO Thread 4 2
2024-03-11 17:20:12 INFO Thread 2 2
2024-03-11 17:20:12 INFO Thread 5 3
2024-03-11 17:20:12 INFO Thread 3 3
2024-03-11 17:20:12 INFO Thread 4 3
2024-03-11 17:20:12 INFO Thread 1 3
2024-03-11 17:20:12 INFO Thread 2 3
2024-03-11 17:20:12 INFO Thread 3 4
2024-03-11 17:20:12 INFO Thread 5 4
2024-03-11 17:20:12 INFO Thread 4 4
2024-03-11 17:20:12 INFO Thread 1 4
2024-03-11 17:20:12 INFO Thread 3 5
2024-03-11 17:20:12 INFO Thread 2 4
2024-03-11 17:20:12 INFO Thread 4 5
2024-03-11 17:20:12 INFO Thread 1 5
2024-03-11 17:20:12 INFO Thread 3 6
2024-03-11 17:20:12 INFO Thread 5 5
2024-03-11 17:20:12 INFO Thread 1 6
2024-03-11 17:20:12 INFO Thread 4 6
2024-03-11 17:20:12 INFO Thread 2 5
2024-03-11 17:20:12 INFO Thread 5 6
2024-03-11 17:20:12 INFO Thread 3 7
2024-03-11 17:20:12 INFO Thread 1 7
2024-03-11 17:20:12 INFO Thread 4 7
2024-03-11 17:20:12 INFO Thread 5 7
2024-03-11 17:20:12 INFO Thread 3 8
2024-03-11 17:20:12 INFO Thread 2 6
2024-03-11 17:20:12 INFO Thread 1 8
2024-03-11 17:20:12 INFO Thread 5 8
2024-03-11 17:20:12 INFO Thread 4 8
2024-03-11 17:20:12 INFO Thread 3 9
2024-03-11 17:20:12 INFO Thread 1 9
2024-03-11 17:20:12 INFO Thread 4 9
2024-03-11 17:20:12 INFO Thread 3 10
2024-03-11 17:20:12 INFO Thread 2 7
2024-03-11 17:20:12 INFO Thread 4 10
2024-03-11 17:20:12 INFO Thread 1 10
2024-03-11 17:20:12 INFO Thread 5 9
2024-03-11 17:20:12 INFO Thread 2 8
2024-03-11 17:20:12 INFO Thread 5 10
2024-03-11 17:20:12 INFO Thread 2 9
2024-03-11 17:20:12 INFO Thread 2 10
2024-03-11 17:34:49 INFO Hello world
2024-03-11 17:34:49 INFO Hello world
2024-03-11 17:34:49 INFO Hello world
2024-03-11 17:34:49 INFO Hello world
2024-03-11 17:34:49 INFO Hello world
2024-03-11 17:34:50 INFO Bye
2024-03-11 17:34:50 INFO Bye
2024-03-11 17:34:50 INFO Bye
2024-03-11 17:34:50 INFO Bye
2024-03-11 17:34:50 INFO Bye
2024-03-11 17:36:04 INFO Hello world
2024-03-11 17:36:04 INFO Hello world
2024-03-11 17:36:04 INFO Hello world
2024-03-11 17:36:04 INFO Hello world
2024-03-11 17:36:04 INFO Bye
2024-03-11 17:36:04 INFO Bye
2024-03-11 17:36:04 INFO Hello world
2024-03-11 17:36:04 INFO Bye
2024-03-11 17:36:04 INFO Bye
2024-03-11 17:36:04 INFO Bye
2024-03-11 17:54:27 INFO Hello world
2024-03-11 17:54:27 INFO Bye
2024-03-11 17:54:39 INFO Hello world
2024-03-11 17:54:39 INFO Bye
